F:\Programmieren\C++\GameEngine+Ogre-2010\project\Arkanoid\Debug\Arkanoid.exe.embed.manifest
F:\PROGRAMMIEREN\C++\GAMEENGINE+OGRE-2010\PROJECT\ARKANOID\DEBUG\ARKANOID.EXE.EMBED.MANIFEST.RES
F:\Programmieren\C++\GameEngine+Ogre-2010\project\Arkanoid\Debug\Arkanoid.write.1.tlog
F:\Programmieren\C++\GameEngine+Ogre-2010\project\Arkanoid\Debug\Arkanoid_manifest.rc
F:\Programmieren\C++\GameEngine+Ogre-2010\project\Arkanoid\Debug\cl.command.1.tlog
F:\Programmieren\C++\GameEngine+Ogre-2010\project\Arkanoid\Debug\CL.read.1.tlog
F:\Programmieren\C++\GameEngine+Ogre-2010\project\Arkanoid\Debug\CL.write.1.tlog
F:\PROGRAMMIEREN\C++\GAMEENGINE+OGRE-2010\PROJECT\ARKANOID\DEBUG\KURVE.OBJ
F:\PROGRAMMIEREN\C++\GAMEENGINE+OGRE-2010\PROJECT\ARKANOID\DEBUG\KURVEACTORS.OBJ
F:\PROGRAMMIEREN\C++\GAMEENGINE+OGRE-2010\PROJECT\ARKANOID\DEBUG\KURVEEVENTS.OBJ
F:\PROGRAMMIEREN\C++\GAMEENGINE+OGRE-2010\PROJECT\ARKANOID\DEBUG\KURVEGAME.OBJ
F:\PROGRAMMIEREN\C++\GAMEENGINE+OGRE-2010\PROJECT\ARKANOID\DEBUG\KURVEPROCESSES.OBJ
F:\PROGRAMMIEREN\C++\GAMEENGINE+OGRE-2010\PROJECT\ARKANOID\DEBUG\KURVESTD.OBJ
F:\PROGRAMMIEREN\C++\GAMEENGINE+OGRE-2010\PROJECT\ARKANOID\DEBUG\KURVEVIEW.OBJ
F:\Programmieren\C++\GameEngine+Ogre-2010\project\Arkanoid\Debug\link.command.1.tlog
F:\Programmieren\C++\GameEngine+Ogre-2010\project\Arkanoid\Debug\link.read.1.tlog
F:\Programmieren\C++\GameEngine+Ogre-2010\project\Arkanoid\Debug\link.write.1.tlog
F:\Programmieren\C++\GameEngine+Ogre-2010\project\Arkanoid\Debug\rc.command.1.tlog
F:\Programmieren\C++\GameEngine+Ogre-2010\project\Arkanoid\Debug\rc.read.1.tlog
F:\Programmieren\C++\GameEngine+Ogre-2010\project\Arkanoid\Debug\rc.write.1.tlog
F:\Programmieren\C++\GameEngine+Ogre-2010\project\Arkanoid\Debug\vc100.idb
F:\PROGRAMMIEREN\C++\GAMEENGINE+OGRE-2010\PROJECT\ARKANOID\DEBUG\VC100.PDB
