Build started 27.02.2018 11:53:49.
     1>Project "F:\Programmieren\C++\GameEngine+Ogre-2010\project\Arkanoid\Arkanoid.vcxproj" on node 2 (build target(s)).
     1>InitializeBuildStatus:
         Creating "Release\Arkanoid.unsuccessfulbuild" because "AlwaysCreate" was specified.
       ClCompile:
         All outputs are up-to-date.
       Link:
         C:\Program Files (x86)\Microsoft Visual Studio 10.0\VC\bin\link.exe /ERRORREPORT:PROMPT /OUT:"..\..\Bin\Arkanoid.exe" /INCREMENTAL:NO /NOLOGO winmm.lib Engine.lib CEGUIBase.lib CEGUIOgreRenderer.lib kernel32.lib user32.lib gdi32.lib winspool.lib comdlg32.lib advapi32.lib shell32.lib ole32.lib oleaut32.lib uuid.lib odbc32.lib odbccp32.lib /MANIFEST /ManifestFile:"Release\Arkanoid.exe.intermediate.manifest" /MANIFESTUAC:"level='asInvoker' uiAccess='false'" /DEBUG /PDB:"F:\Programmieren\C++\GameEngine+Ogre-2010\Bin\Arkanoid.pdb" /SUBSYSTEM:WINDOWS /OPT:REF /OPT:ICF /LTCG /TLBID:1 /DYNAMICBASE /NXCOMPAT /IMPLIB:"..\..\Bin\Arkanoid.lib" /MACHINE:X86 Release\Kurve.obj
         Release\KurveActors.obj
         Release\KurveEvents.obj
         Release\KurveGame.obj
         Release\KurveProcesses.obj
         Release\KurveStd.obj
         Release\KurveView.obj
            Creating library ..\..\Bin\Arkanoid.lib and object ..\..\Bin\Arkanoid.exp
     1>LINK : warning LNK4098: defaultlib 'LIBCMT' conflicts with use of other libs; use /NODEFAULTLIB:library
         Generating code
         Finished generating code
         Arkanoid.vcxproj -> F:\Programmieren\C++\GameEngine+Ogre-2010\project\Arkanoid\..\..\Bin\Arkanoid.exe
       Manifest:
         C:\Program Files (x86)\Microsoft SDKs\Windows\v7.0A\bin\mt.exe /nologo /verbose /outputresource:"..\..\Bin\Arkanoid.exe;#1" /manifest Release\Arkanoid.exe.intermediate.manifest
       FinalizeBuildStatus:
         Deleting file "Release\Arkanoid.unsuccessfulbuild".
         Touching "Release\Arkanoid.lastbuildstate".
     1>Done Building Project "F:\Programmieren\C++\GameEngine+Ogre-2010\project\Arkanoid\Arkanoid.vcxproj" (build target(s)).

Build succeeded.

Time Elapsed 00:00:25.41
